2025-08-27T16:46:21.755-03:00  INFO 76962 --- [main] c.financialtargets.outflow.Application   : Starting Application using Java 21.0.5 with PID 76962 (/Users/viniciussabino/Projetos/financial-targets-outflow-service/build/classes/java/main started by viniciussabino in /Users/viniciussabino/Projetos/financial-targets-outflow-service)
2025-08-27T16:46:21.761-03:00 DEBUG 76962 --- [main] c.financialtargets.outflow.Application   : Running with Spring Boot v3.5.3, Spring v6.2.8
2025-08-27T16:46:21.762-03:00  INFO 76962 --- [main] c.financialtargets.outflow.Application   : The following 1 profile is active: "dev"
2025-08-27T16:46:22.490-03:00  INFO 76962 --- [main] .s.d.r.c.RepositoryConfigurationDelegate : Bootstrapping Spring Data JPA repositories in DEFAULT mode.
2025-08-27T16:46:22.588-03:00  INFO 76962 --- [main] .s.d.r.c.RepositoryConfigurationDelegate : Finished Spring Data repository scanning in 88 ms. Found 3 JPA repository interfaces.
2025-08-27T16:46:22.727-03:00  INFO 76962 --- [main] o.s.cloud.context.scope.GenericScope     : BeanFactory id=cc583456-7116-39d9-8458-a1c815d897b8
2025-08-27T16:46:22.980-03:00  INFO 76962 --- [main] o.s.b.w.embedded.tomcat.TomcatWebServer  : Tomcat initialized with port 8081 (http)
2025-08-27T16:46:22.996-03:00  INFO 76962 --- [main] o.apache.catalina.core.StandardService   : Starting service [Tomcat]
2025-08-27T16:46:22.996-03:00  INFO 76962 --- [main] o.apache.catalina.core.StandardEngine    : Starting Servlet engine: [Apache Tomcat/10.1.42]
2025-08-27T16:46:23.058-03:00  INFO 76962 --- [main] o.a.c.c.C.[Tomcat].[localhost].[/api]    : Initializing Spring embedded WebApplicationContext
2025-08-27T16:46:23.059-03:00  INFO 76962 --- [main] w.s.c.ServletWebServerApplicationContext : Root WebApplicationContext: initialization completed in 1258 ms
2025-08-27T16:46:23.214-03:00  INFO 76962 --- [main] com.zaxxer.hikari.HikariDataSource       : HikariPool-1 - Starting...
2025-08-27T16:46:23.365-03:00  INFO 76962 --- [main] com.zaxxer.hikari.pool.HikariPool        : HikariPool-1 - Added connection org.postgresql.jdbc.PgConnection@20a1b3ae
2025-08-27T16:46:23.367-03:00  INFO 76962 --- [main] com.zaxxer.hikari.HikariDataSource       : HikariPool-1 - Start completed.
2025-08-27T16:46:23.396-03:00  INFO 76962 --- [main] org.flywaydb.core.FlywayExecutor         : Database: jdbc:postgresql://127.0.0.1:5432/financial-targets-db (PostgreSQL 17.2)
2025-08-27T16:46:23.443-03:00  INFO 76962 --- [main] o.f.core.internal.command.DbValidate     : Successfully validated 2 migrations (execution time 00:00.021s)
2025-08-27T16:46:23.462-03:00  INFO 76962 --- [main] o.f.core.internal.command.DbMigrate      : Current version of schema "public": 1
2025-08-27T16:46:23.465-03:00  INFO 76962 --- [main] o.f.core.internal.command.DbMigrate      : Schema "public" is up to date. No migration necessary.
2025-08-27T16:46:23.522-03:00  INFO 76962 --- [main] o.hibernate.jpa.internal.util.LogHelper  : HHH000204: Processing PersistenceUnitInfo [name: default]
2025-08-27T16:46:23.572-03:00  INFO 76962 --- [main] org.hibernate.Version                    : HHH000412: Hibernate ORM core version 6.6.18.Final
2025-08-27T16:46:23.594-03:00  INFO 76962 --- [main] o.h.c.internal.RegionFactoryInitiator    : HHH000026: Second-level cache disabled
2025-08-27T16:46:23.776-03:00  INFO 76962 --- [main] o.s.o.j.p.SpringPersistenceUnitInfo      : No LoadTimeWeaver setup: ignoring JPA class transformer
2025-08-27T16:46:23.812-03:00  WARN 76962 --- [main] org.hibernate.orm.deprecation            : HHH90000025: PostgreSQLDialect does not need to be specified explicitly using 'hibernate.dialect' (remove the property setting and it will be selected by default)
2025-08-27T16:46:23.819-03:00  INFO 76962 --- [main] org.hibernate.orm.connections.pooling    : HHH10001005: Database info:
	Database JDBC URL [Connecting through datasource 'HikariDataSource (HikariPool-1)']
	Database driver: undefined/unknown
	Database version: 17.2
	Autocommit mode: undefined/unknown
	Isolation level: undefined/unknown
	Minimum pool size: undefined/unknown
	Maximum pool size: undefined/unknown
2025-08-27T16:46:24.433-03:00  INFO 76962 --- [main] o.h.e.t.j.p.i.JtaPlatformInitiator       : HHH000489: No JTA platform available (set 'hibernate.transaction.jta.platform' to enable JTA platform integration)
2025-08-27T16:46:24.434-03:00  INFO 76962 --- [main] j.LocalContainerEntityManagerFactoryBean : Initialized JPA EntityManagerFactory for persistence unit 'default'
2025-08-27T16:46:24.711-03:00  WARN 76962 --- [main] JpaBaseConfiguration$JpaWebConfiguration : spring.jpa.open-in-view is enabled by default. Therefore, database queries may be performed during view rendering. Explicitly configure spring.jpa.open-in-view to disable this warning
2025-08-27T16:46:25.123-03:00  INFO 76962 --- [main] o.s.b.w.embedded.tomcat.TomcatWebServer  : Tomcat started on port 8081 (http) with context path '/api'
2025-08-27T16:46:25.135-03:00  INFO 76962 --- [main] c.financialtargets.outflow.Application   : Started Application in 3.782 seconds (process running for 4.814)
2025-08-27T16:46:29.604-03:00  INFO 76962 --- [http-nio-8081-exec-1] o.a.c.c.C.[Tomcat].[localhost].[/api]    : Initializing Spring DispatcherServlet 'dispatcherServlet'
2025-08-27T16:46:29.604-03:00  INFO 76962 --- [http-nio-8081-exec-1] o.s.web.servlet.DispatcherServlet        : Initializing Servlet 'dispatcherServlet'
2025-08-27T16:46:29.610-03:00  INFO 76962 --- [http-nio-8081-exec-1] o.s.web.servlet.DispatcherServlet        : Completed initialization in 4 ms
2025-08-27T16:46:30.115-03:00  INFO 76962 --- [http-nio-8081-exec-9] o.springdoc.api.AbstractOpenApiResource  : Init duration for springdoc-openapi is: 205 ms
2025-08-27T16:51:59.364-03:00  INFO 77160 --- [main] c.financialtargets.outflow.Application   : Starting Application using Java 21.0.5 with PID 77160 (/Users/viniciussabino/Projetos/financial-targets-outflow-service/build/classes/java/main started by viniciussabino in /Users/viniciussabino/Projetos/financial-targets-outflow-service)
2025-08-27T16:51:59.365-03:00 DEBUG 77160 --- [main] c.financialtargets.outflow.Application   : Running with Spring Boot v3.5.3, Spring v6.2.8
2025-08-27T16:51:59.365-03:00  INFO 77160 --- [main] c.financialtargets.outflow.Application   : The following 1 profile is active: "dev"
2025-08-27T16:51:59.880-03:00  INFO 77160 --- [main] .s.d.r.c.RepositoryConfigurationDelegate : Bootstrapping Spring Data JPA repositories in DEFAULT mode.
2025-08-27T16:51:59.916-03:00  INFO 77160 --- [main] .s.d.r.c.RepositoryConfigurationDelegate : Finished Spring Data repository scanning in 30 ms. Found 3 JPA repository interfaces.
2025-08-27T16:52:00.041-03:00  INFO 77160 --- [main] o.s.cloud.context.scope.GenericScope     : BeanFactory id=cc583456-7116-39d9-8458-a1c815d897b8
2025-08-27T16:52:00.252-03:00  INFO 77160 --- [main] o.s.b.w.embedded.tomcat.TomcatWebServer  : Tomcat initialized with port 8081 (http)
2025-08-27T16:52:00.271-03:00  INFO 77160 --- [main] o.apache.catalina.core.StandardService   : Starting service [Tomcat]
2025-08-27T16:52:00.271-03:00  INFO 77160 --- [main] o.apache.catalina.core.StandardEngine    : Starting Servlet engine: [Apache Tomcat/10.1.42]
2025-08-27T16:52:00.327-03:00  INFO 77160 --- [main] o.a.c.c.C.[Tomcat].[localhost].[/api]    : Initializing Spring embedded WebApplicationContext
2025-08-27T16:52:00.327-03:00  INFO 77160 --- [main] w.s.c.ServletWebServerApplicationContext : Root WebApplicationContext: initialization completed in 938 ms
2025-08-27T16:52:00.471-03:00  INFO 77160 --- [main] com.zaxxer.hikari.HikariDataSource       : HikariPool-1 - Starting...
2025-08-27T16:52:00.625-03:00  INFO 77160 --- [main] com.zaxxer.hikari.pool.HikariPool        : HikariPool-1 - Added connection org.postgresql.jdbc.PgConnection@43588265
2025-08-27T16:52:00.626-03:00  INFO 77160 --- [main] com.zaxxer.hikari.HikariDataSource       : HikariPool-1 - Start completed.
2025-08-27T16:52:00.649-03:00  INFO 77160 --- [main] org.flywaydb.core.FlywayExecutor         : Database: jdbc:postgresql://127.0.0.1:5432/financial-targets-db (PostgreSQL 17.2)
2025-08-27T16:52:00.689-03:00  INFO 77160 --- [main] o.f.core.internal.command.DbValidate     : Successfully validated 2 migrations (execution time 00:00.017s)
2025-08-27T16:52:00.710-03:00  INFO 77160 --- [main] o.f.core.internal.command.DbMigrate      : Current version of schema "public": 1
2025-08-27T16:52:00.715-03:00  INFO 77160 --- [main] o.f.core.internal.command.DbMigrate      : Schema "public" is up to date. No migration necessary.
2025-08-27T16:52:00.773-03:00  INFO 77160 --- [main] o.hibernate.jpa.internal.util.LogHelper  : HHH000204: Processing PersistenceUnitInfo [name: default]
2025-08-27T16:52:00.813-03:00  INFO 77160 --- [main] org.hibernate.Version                    : HHH000412: Hibernate ORM core version 6.6.18.Final
2025-08-27T16:52:00.835-03:00  INFO 77160 --- [main] o.h.c.internal.RegionFactoryInitiator    : HHH000026: Second-level cache disabled
2025-08-27T16:52:01.013-03:00  INFO 77160 --- [main] o.s.o.j.p.SpringPersistenceUnitInfo      : No LoadTimeWeaver setup: ignoring JPA class transformer
2025-08-27T16:52:01.044-03:00  WARN 77160 --- [main] org.hibernate.orm.deprecation            : HHH90000025: PostgreSQLDialect does not need to be specified explicitly using 'hibernate.dialect' (remove the property setting and it will be selected by default)
2025-08-27T16:52:01.050-03:00  INFO 77160 --- [main] org.hibernate.orm.connections.pooling    : HHH10001005: Database info:
	Database JDBC URL [Connecting through datasource 'HikariDataSource (HikariPool-1)']
	Database driver: undefined/unknown
	Database version: 17.2
	Autocommit mode: undefined/unknown
	Isolation level: undefined/unknown
	Minimum pool size: undefined/unknown
	Maximum pool size: undefined/unknown
2025-08-27T16:52:01.549-03:00  INFO 77160 --- [main] o.h.e.t.j.p.i.JtaPlatformInitiator       : HHH000489: No JTA platform available (set 'hibernate.transaction.jta.platform' to enable JTA platform integration)
2025-08-27T16:52:01.551-03:00  INFO 77160 --- [main] j.LocalContainerEntityManagerFactoryBean : Initialized JPA EntityManagerFactory for persistence unit 'default'
2025-08-27T16:52:01.792-03:00  WARN 77160 --- [main] JpaBaseConfiguration$JpaWebConfiguration : spring.jpa.open-in-view is enabled by default. Therefore, database queries may be performed during view rendering. Explicitly configure spring.jpa.open-in-view to disable this warning
2025-08-27T16:52:02.077-03:00  INFO 77160 --- [main] o.s.b.w.embedded.tomcat.TomcatWebServer  : Tomcat started on port 8081 (http) with context path '/api'
2025-08-27T16:52:02.087-03:00  INFO 77160 --- [main] c.financialtargets.outflow.Application   : Started Application in 3.053 seconds (process running for 3.562)
2025-08-27T16:53:52.468-03:00  INFO 77160 --- [http-nio-8081-exec-1] o.a.c.c.C.[Tomcat].[localhost].[/api]    : Initializing Spring DispatcherServlet 'dispatcherServlet'
2025-08-27T16:53:52.468-03:00  INFO 77160 --- [http-nio-8081-exec-1] o.s.web.servlet.DispatcherServlet        : Initializing Servlet 'dispatcherServlet'
2025-08-27T16:53:52.480-03:00  INFO 77160 --- [http-nio-8081-exec-1] o.s.web.servlet.DispatcherServlet        : Completed initialization in 10 ms
2025-08-27T16:53:53.083-03:00  INFO 77160 --- [http-nio-8081-exec-4] o.springdoc.api.AbstractOpenApiResource  : Init duration for springdoc-openapi is: 242 ms
